<?xml version="1.0" encoding="UTF-8"?>
<!-- Generated by org.testng.reporters.JUnitReportReporter -->
<testsuite hostname="kaushik-Inspiron-5547" failures="0" tests="1" name="com.test.GooglePageTest" time="2.569" errors="0" timestamp="23 Aug 2019 09:26:50 GMT" skipped="0">
  <testcase classname="com.test.GooglePageTest" name="test1" time="2.569"/>
</testsuite> <!-- com.test.GooglePageTest -->
