<?xml version="1.0" encoding="UTF-8"?>
<!-- Generated by org.testng.reporters.JUnitReportReporter -->
<testsuite hostname="kaushik-Inspiron-5547" failures="0" tests="2" name="com.test.TestNGBasic" time="0.005" errors="0" timestamp="19 Nov 2019 07:14:46 GMT" skipped="0">
  <testcase classname="com.test.TestNGBasic" name="googleTitleTest" time="0.003"/>
  <testcase classname="com.test.TestNGBasic" name="googleTitleTest2" time="0.002"/>
</testsuite> <!-- com.test.TestNGBasic -->
