<?xml version="1.0" encoding="UTF-8"?>
<!-- Generated by org.testng.reporters.JUnitReportReporter -->
<testsuite hostname="kaushik-Inspiron-5547" failures="0" tests="5" name="com.test.TestNGInvocationCount" time="0.007" errors="0" timestamp="19 Nov 2019 07:14:46 GMT" skipped="0">
  <testcase classname="com.test.TestNGInvocationCount" name="myTest" time="0.001"/>
  <testcase classname="com.test.TestNGInvocationCount" name="myTest" time="0.001"/>
  <testcase classname="com.test.TestNGInvocationCount" name="myTest" time="0.002"/>
  <testcase classname="com.test.TestNGInvocationCount" name="myTest" time="0.001"/>
  <testcase classname="com.test.TestNGInvocationCount" name="myTest" time="0.002"/>
</testsuite> <!-- com.test.TestNGInvocationCount -->
