<?xml version="1.0" encoding="UTF-8"?>
<!-- Generated by org.testng.reporters.JUnitReportReporter -->
<testsuite hostname="kaushik-Inspiron-5547" failures="0" tests="1" name="com.entrar.testCases.VerifyNewEntrarLogin" time="25.096" errors="0" timestamp="2019-11-19T12:48:27 IST" skipped="0">
  <testcase classname="com.entrar.testCases.VerifyNewEntrarLogin" name="newLoginTest" time="25.096"/>
</testsuite> <!-- com.entrar.testCases.VerifyNewEntrarLogin -->
