<?xml version="1.0" encoding="UTF-8"?>
<!-- Generated by org.testng.reporters.JUnitReportReporter -->
<testsuite hostname="kaushik-Inspiron-5547" failures="0" tests="2" name="com.auto.DemoTestNG" time="0.019" errors="0" timestamp="2019-11-17T22:12:17 IST" skipped="0">
  <testcase classname="com.auto.DemoTestNG" name="prod" time="0.016"/>
  <testcase classname="com.auto.DemoTestNG" name="sum" time="0.003"/>
</testsuite> <!-- com.auto.DemoTestNG -->
